G33-TS4: START
G33-TS4-LOG: TID = 1, task1: entering
G33-TS4-LOG: Test[0]-[0]: task1: creating task2 which receives message from task3.
G33-TS4-LOG: Test[0]-[0]: result = 1.
G33-TS4-LOG: Test[0]-[1]: task1: creating task3, to send messages to task2.
G33-TS4-LOG: Test[0]-[1]: result = 1.
G33-TS4-LOG: TID = 1, task1: exiting
G33-TS4-LOG: TID = 2, task2: entering
G33-TS4-LOG: Test[1]-[0]: task2: Receiving message but fails to as mbx is not created.
G33-TS4-LOG: Test[1]-[0]: result = 1.
G33-TS4-LOG: Test[1]-[1]: task2: Create mailbox.
G33-TS4-LOG: Test[1]-[1]: result = 1.
G33-TS4-LOG2: TID = 3, task3: entering
G33-TS4-LOG: Test[1]-[2]: task3: Send_msg to tid(2).
G33-TS4-LOG: Test[1]-[2]: result = 1.
G33-TS4-LOG: Test[1]-[3]: task3: send_msg_nb to tid(2) which overflows memory.
G33-TS4-LOG: Test[1]-[3]: result = 1.
G33-TS4-LOG: Test[1]-[4]: task3: Create mailbox.
G33-TS4-LOG: Test[1]-[4]: result = 1.
G33-TS4-LOG: Test[1]-[5]: task2: Recieving message from task3 and blocked until it gets it.
G33-TS4-LOG: Test[1]-[5]: result = 1.
G33-TS4-LOG: Test[1]-[6]: task2: Checking if the message is accurate.
G33-TS4-LOG: Test[1]-[6]: result = 1.
G33-TS4-LOG: Test[1]-[7]: task2: Receiving message from task3 to be manipulated.
G33-TS4-LOG: Test[1]-[7]: result = 1.
G33-TS4-LOG: Test[1]-[8]: task2: Checking validity of data.
G33-TS4-LOG: Test[1]-[8]: result = 1.
G33-TS4-LOG: Test[1]-[9]: task2: Send to task3 with the modified data.
G33-TS4-LOG: Test[1]-[9]: result = 1.
G33-TS4-LOG: Test[1]-[10]: task3: sending a message to TID=2 to be manipulated.
G33-TS4-LOG: Test[1]-[10]: result = 1.
G33-TS4-LOG: Test[1]-[11]: task3: Check validity of data.
G33-TS4-LOG: Test[1]-[11]: result = 1.
G33-TS4-LOG: Test[1]-[12]: task3: Check freespace of mbx is equal to the max size of mbx.
G33-TS4-LOG: Test[1]-[12]: result = 1.
G33-TS4-LOG2: TID = 3, task3: exited
G33-TS4-LOG: Test[1]-[13]: task2: Yielded to task3, now back to task2.
G33-TS4-LOG: Test[1]-[13]: result = 1.
G33-TS4-LOG: TID = 2, task2: exiting
G33-TS4: FINISHED
G33-TS4-LOG: Test 0: 2/2 PASSED. Expected = 0x3, result = 0x3
G33-TS4-LOG: Test 1: 14/14 PASSED. Expected = 0x3FFF, result = 0x3FFF
G33-TS4: 2/2 test function(s) COMPLETED.
G33-TS4: 16/16 tests PASSED.
G33-TS4: 0/16 tests FAILED.
G33-TS4: END
